<?xml version="1.0" encoding="UTF-8"?>
<!-- Generated by org.testng.reporters.JUnitXMLReporter -->
<testsuite ignored="0" hostname="AELNB007" failures="1" tests="3" name="ErrorValidation" time="33.471" errors="0" timestamp="2025-01-29T21:47:35 IST">
  <testcase classname="MPTech.SeleniumFrameworkDesign.ErrorValidation" name="loginerrorvalidation" time="0.621">
    <skipped/>
  </testcase> <!-- loginerrorvalidation -->
  <testcase classname="MPTech.SeleniumFrameworkDesign.ErrorValidation" name="loginerrorvalidation" time="0.599">
    <failure type="java.lang.AssertionError" message="expected [Incorrect email or password.] but found [Incorrect email or password]">
      <![CDATA[java.lang.AssertionError: expected [Incorrect email or password.] but found [Incorrect email or password]
at MPTech.SeleniumFrameworkDesign.ErrorValidation.loginerrorvalidation(ErrorValidation.java:23)
at java.base/java.util.ArrayList.forEach(ArrayList.java:1596)
... Removed 31 stack frames]]>
    </failure>
  </testcase> <!-- loginerrorvalidation -->
  <testcase classname="MPTech.SeleniumFrameworkDesign.ErrorValidation" name="producterrorvalidation" time="15.756"/>
</testsuite> <!-- ErrorValidation -->
