<?xml version="1.0" encoding="UTF-8"?>
<testng-results retried="1" ignored="1" total="7" passed="4" failed="1" skipped="0">
  <reporter-output>
  </reporter-output>
  <suite started-at="2025-01-29T21:46:23 IST" name="Suite" finished-at="2025-01-29T21:47:35 IST" duration-ms="72782">
    <groups>
      <group name="Purchase">
        <method signature="BaseCodeOriginalmod.placeorder(java.util.HashMap)[pri:0, instance:MPTech.SeleniumFrameworkDesign.BaseCodeOriginalmod@1c9b0314]" name="placeorder" class="MPTech.SeleniumFrameworkDesign.BaseCodeOriginalmod"/>
      </group> <!-- Purchase -->
      <group name="Regression">
        <method signature="ErrorValidation.loginerrorvalidation()[pri:0, instance:MPTech.SeleniumFrameworkDesign.ErrorValidation@15f47664]" name="loginerrorvalidation" class="MPTech.SeleniumFrameworkDesign.ErrorValidation"/>
      </group> <!-- Regression -->
    </groups>
    <test started-at="2025-01-29T21:46:23 IST" name="Submit Order" finished-at="2025-01-29T21:47:01 IST" duration-ms="38759">
      <class name="MPTech.SeleniumFrameworkDesign.BaseCodeOriginalmod">
        <test-method is-config="true" signature="launchapplication()[pri:0, instance:MPTech.SeleniumFrameworkDesign.BaseCodeOriginalmod@1c9b0314]" started-at="2025-01-29T21:46:23 IST" name="launchapplication" finished-at="2025-01-29T21:46:33 IST" duration-ms="10232" status="PASS">
          <reporter-output>
          </reporter-output>
        </test-method> <!-- launchapplication -->
        <test-method signature="placeorder(java.util.HashMap)[pri:0, instance:MPTech.SeleniumFrameworkDesign.BaseCodeOriginalmod@1c9b0314]" started-at="2025-01-29T21:46:33 IST" name="placeorder" data-provider="getdataprovider" finished-at="2025-01-29T21:46:39 IST" duration-ms="5611" status="PASS">
          <params>
            <param index="0">
              <value>
                <![CDATA[{password=Madhavan@28, email=blackgold@gmail.com}]]>
              </value>
            </param>
          </params>
          <reporter-output>
          </reporter-output>
        </test-method> <!-- placeorder -->
        <test-method is-config="true" signature="teardown()[pri:0, instance:MPTech.SeleniumFrameworkDesign.BaseCodeOriginalmod@1c9b0314]" started-at="2025-01-29T21:46:39 IST" name="teardown" finished-at="2025-01-29T21:46:39 IST" duration-ms="122" status="PASS">
          <reporter-output>
          </reporter-output>
        </test-method> <!-- teardown -->
        <test-method is-config="true" signature="launchapplication()[pri:0, instance:MPTech.SeleniumFrameworkDesign.BaseCodeOriginalmod@1c9b0314]" started-at="2025-01-29T21:46:39 IST" name="launchapplication" finished-at="2025-01-29T21:46:42 IST" duration-ms="3156" status="PASS">
          <reporter-output>
          </reporter-output>
        </test-method> <!-- launchapplication -->
        <test-method signature="placeorder(java.util.HashMap)[pri:0, instance:MPTech.SeleniumFrameworkDesign.BaseCodeOriginalmod@1c9b0314]" started-at="2025-01-29T21:46:42 IST" name="placeorder" data-provider="getdataprovider" finished-at="2025-01-29T21:46:59 IST" duration-ms="16783" status="PASS">
          <params>
            <param index="0">
              <value>
                <![CDATA[{password=Stonecold@0, email=whitegold@gmail.com}]]>
              </value>
            </param>
          </params>
          <reporter-output>
          </reporter-output>
        </test-method> <!-- placeorder -->
        <test-method is-config="true" signature="teardown()[pri:0, instance:MPTech.SeleniumFrameworkDesign.BaseCodeOriginalmod@1c9b0314]" started-at="2025-01-29T21:46:59 IST" name="teardown" finished-at="2025-01-29T21:46:59 IST" duration-ms="106" status="PASS">
          <reporter-output>
          </reporter-output>
        </test-method> <!-- teardown -->
        <test-method is-config="true" signature="launchapplication()[pri:0, instance:MPTech.SeleniumFrameworkDesign.BaseCodeOriginalmod@1c9b0314]" started-at="2025-01-29T21:46:59 IST" name="launchapplication" finished-at="2025-01-29T21:47:00 IST" duration-ms="1607" status="PASS">
          <reporter-output>
          </reporter-output>
        </test-method> <!-- launchapplication -->
        <test-method signature="checkorderpage()[pri:0, instance:MPTech.SeleniumFrameworkDesign.BaseCodeOriginalmod@1c9b0314]" started-at="2025-01-29T21:47:00 IST" name="checkorderpage" finished-at="2025-01-29T21:47:01 IST" depends-on-methods="MPTech.SeleniumFrameworkDesign.BaseCodeOriginalmod.placeorder" duration-ms="798" status="PASS">
          <reporter-output>
          </reporter-output>
        </test-method> <!-- checkorderpage -->
        <test-method is-config="true" signature="teardown()[pri:0, instance:MPTech.SeleniumFrameworkDesign.BaseCodeOriginalmod@1c9b0314]" started-at="2025-01-29T21:47:01 IST" name="teardown" finished-at="2025-01-29T21:47:01 IST" duration-ms="100" status="PASS">
          <reporter-output>
          </reporter-output>
        </test-method> <!-- teardown -->
      </class> <!-- MPTech.SeleniumFrameworkDesign.BaseCodeOriginalmod -->
    </test> <!-- Submit Order -->
    <test started-at="2025-01-29T21:47:02 IST" name="ErrorValidation" finished-at="2025-01-29T21:47:35 IST" duration-ms="33471">
      <class name="MPTech.SeleniumFrameworkDesign.ErrorValidation">
        <test-method is-config="true" signature="launchapplication()[pri:0, instance:MPTech.SeleniumFrameworkDesign.ErrorValidation@15f47664]" started-at="2025-01-29T21:47:02 IST" name="launchapplication" finished-at="2025-01-29T21:47:09 IST" duration-ms="7215" status="PASS">
          <reporter-output>
          </reporter-output>
        </test-method> <!-- launchapplication -->
        <test-method retried="true" signature="loginerrorvalidation()[pri:0, instance:MPTech.SeleniumFrameworkDesign.ErrorValidation@15f47664]" started-at="2025-01-29T21:47:09 IST" name="loginerrorvalidation" finished-at="2025-01-29T21:47:10 IST" duration-ms="621" status="SKIP">
          <exception class="java.lang.AssertionError">
            <message>
              <![CDATA[expected [Incorrect email or password.] but found [Incorrect email or password]]]>
            </message>
            <full-stacktrace>
              <![CDATA[java.lang.AssertionError: expected [Incorrect email or password.] but found [Incorrect email or password]
at org.testng.Assert.fail(Assert.java:111)
at org.testng.Assert.failNotEquals(Assert.java:1578)
at org.testng.Assert.assertEqualsImpl(Assert.java:150)
at org.testng.Assert.assertEquals(Assert.java:132)
at org.testng.Assert.assertEquals(Assert.java:656)
at org.testng.Assert.assertEquals(Assert.java:666)
at MPTech.SeleniumFrameworkDesign.ErrorValidation.loginerrorvalidation(ErrorValidation.java:23)
at java.base/jdk.internal.reflect.DirectMethodHandleAccessor.invoke(DirectMethodHandleAccessor.java:103)
at java.base/java.lang.reflect.Method.invoke(Method.java:580)
at org.testng.internal.invokers.MethodInvocationHelper.invokeMethod(MethodInvocationHelper.java:141)
at org.testng.internal.invokers.TestInvoker.invokeMethod(TestInvoker.java:686)
at org.testng.internal.invokers.TestInvoker.invokeTestMethod(TestInvoker.java:230)
at org.testng.internal.invokers.MethodRunner.runInSequence(MethodRunner.java:63)
at org.testng.internal.invokers.TestInvoker$MethodInvocationAgent.invoke(TestInvoker.java:992)
at org.testng.internal.invokers.TestInvoker.invokeTestMethods(TestInvoker.java:203)
at org.testng.internal.invokers.TestMethodWorker.invokeTestMethods(TestMethodWorker.java:154)
at org.testng.internal.invokers.TestMethodWorker.run(TestMethodWorker.java:134)
at java.base/java.util.ArrayList.forEach(ArrayList.java:1596)
at org.testng.TestRunner.privateRun(TestRunner.java:739)
at org.testng.TestRunner.run(TestRunner.java:614)
at org.testng.SuiteRunner.runTest(SuiteRunner.java:421)
at org.testng.SuiteRunner.runSequentially(SuiteRunner.java:413)
at org.testng.SuiteRunner.privateRun(SuiteRunner.java:373)
at org.testng.SuiteRunner.run(SuiteRunner.java:312)
at org.testng.SuiteRunnerWorker.runSuite(SuiteRunnerWorker.java:52)
at org.testng.SuiteRunnerWorker.run(SuiteRunnerWorker.java:95)
at org.testng.TestNG.runSuitesSequentially(TestNG.java:1274)
at org.testng.TestNG.runSuitesLocally(TestNG.java:1208)
at org.testng.TestNG.runSuites(TestNG.java:1112)
at org.testng.TestNG.run(TestNG.java:1079)
at org.testng.remote.AbstractRemoteTestNG.run(AbstractRemoteTestNG.java:115)
at org.testng.remote.RemoteTestNG.initAndRun(RemoteTestNG.java:293)
at org.testng.remote.RemoteTestNG.main(RemoteTestNG.java:91)
]]>
            </full-stacktrace>
          </exception> <!-- java.lang.AssertionError -->
          <reporter-output>
          </reporter-output>
        </test-method> <!-- loginerrorvalidation -->
        <test-method is-config="true" signature="teardown()[pri:0, instance:MPTech.SeleniumFrameworkDesign.ErrorValidation@15f47664]" started-at="2025-01-29T21:47:10 IST" name="teardown" finished-at="2025-01-29T21:47:10 IST" duration-ms="101" status="PASS">
          <reporter-output>
          </reporter-output>
        </test-method> <!-- teardown -->
        <test-method is-config="true" signature="launchapplication()[pri:0, instance:MPTech.SeleniumFrameworkDesign.ErrorValidation@15f47664]" started-at="2025-01-29T21:47:10 IST" name="launchapplication" finished-at="2025-01-29T21:47:15 IST" duration-ms="4725" status="PASS">
          <reporter-output>
          </reporter-output>
        </test-method> <!-- launchapplication -->
        <test-method signature="loginerrorvalidation()[pri:0, instance:MPTech.SeleniumFrameworkDesign.ErrorValidation@15f47664]" started-at="2025-01-29T21:47:15 IST" name="loginerrorvalidation" finished-at="2025-01-29T21:47:15 IST" duration-ms="599" status="FAIL">
          <exception class="java.lang.AssertionError">
            <message>
              <![CDATA[expected [Incorrect email or password.] but found [Incorrect email or password]]]>
            </message>
            <full-stacktrace>
              <![CDATA[java.lang.AssertionError: expected [Incorrect email or password.] but found [Incorrect email or password]
at org.testng.Assert.fail(Assert.java:111)
at org.testng.Assert.failNotEquals(Assert.java:1578)
at org.testng.Assert.assertEqualsImpl(Assert.java:150)
at org.testng.Assert.assertEquals(Assert.java:132)
at org.testng.Assert.assertEquals(Assert.java:656)
at org.testng.Assert.assertEquals(Assert.java:666)
at MPTech.SeleniumFrameworkDesign.ErrorValidation.loginerrorvalidation(ErrorValidation.java:23)
at java.base/jdk.internal.reflect.DirectMethodHandleAccessor.invoke(DirectMethodHandleAccessor.java:103)
at java.base/java.lang.reflect.Method.invoke(Method.java:580)
at org.testng.internal.invokers.MethodInvocationHelper.invokeMethod(MethodInvocationHelper.java:141)
at org.testng.internal.invokers.TestInvoker.invokeMethod(TestInvoker.java:686)
at org.testng.internal.invokers.TestInvoker.retryFailed(TestInvoker.java:269)
at org.testng.internal.invokers.MethodRunner.runInSequence(MethodRunner.java:76)
at org.testng.internal.invokers.TestInvoker$MethodInvocationAgent.invoke(TestInvoker.java:992)
at org.testng.internal.invokers.TestInvoker.invokeTestMethods(TestInvoker.java:203)
at org.testng.internal.invokers.TestMethodWorker.invokeTestMethods(TestMethodWorker.java:154)
at org.testng.internal.invokers.TestMethodWorker.run(TestMethodWorker.java:134)
at java.base/java.util.ArrayList.forEach(ArrayList.java:1596)
at org.testng.TestRunner.privateRun(TestRunner.java:739)
at org.testng.TestRunner.run(TestRunner.java:614)
at org.testng.SuiteRunner.runTest(SuiteRunner.java:421)
at org.testng.SuiteRunner.runSequentially(SuiteRunner.java:413)
at org.testng.SuiteRunner.privateRun(SuiteRunner.java:373)
at org.testng.SuiteRunner.run(SuiteRunner.java:312)
at org.testng.SuiteRunnerWorker.runSuite(SuiteRunnerWorker.java:52)
at org.testng.SuiteRunnerWorker.run(SuiteRunnerWorker.java:95)
at org.testng.TestNG.runSuitesSequentially(TestNG.java:1274)
at org.testng.TestNG.runSuitesLocally(TestNG.java:1208)
at org.testng.TestNG.runSuites(TestNG.java:1112)
at org.testng.TestNG.run(TestNG.java:1079)
at org.testng.remote.AbstractRemoteTestNG.run(AbstractRemoteTestNG.java:115)
at org.testng.remote.RemoteTestNG.initAndRun(RemoteTestNG.java:293)
at org.testng.remote.RemoteTestNG.main(RemoteTestNG.java:91)
]]>
            </full-stacktrace>
          </exception> <!-- java.lang.AssertionError -->
          <reporter-output>
          </reporter-output>
        </test-method> <!-- loginerrorvalidation -->
        <test-method is-config="true" signature="teardown()[pri:0, instance:MPTech.SeleniumFrameworkDesign.ErrorValidation@15f47664]" started-at="2025-01-29T21:47:15 IST" name="teardown" finished-at="2025-01-29T21:47:16 IST" duration-ms="70" status="PASS">
          <reporter-output>
          </reporter-output>
        </test-method> <!-- teardown -->
        <test-method is-config="true" signature="launchapplication()[pri:0, instance:MPTech.SeleniumFrameworkDesign.ErrorValidation@15f47664]" started-at="2025-01-29T21:47:16 IST" name="launchapplication" finished-at="2025-01-29T21:47:20 IST" duration-ms="4004" status="PASS">
          <reporter-output>
          </reporter-output>
        </test-method> <!-- launchapplication -->
        <test-method signature="producterrorvalidation()[pri:0, instance:MPTech.SeleniumFrameworkDesign.ErrorValidation@15f47664]" started-at="2025-01-29T21:47:20 IST" name="producterrorvalidation" finished-at="2025-01-29T21:47:35 IST" duration-ms="15756" status="PASS">
          <reporter-output>
          </reporter-output>
        </test-method> <!-- producterrorvalidation -->
        <test-method is-config="true" signature="teardown()[pri:0, instance:MPTech.SeleniumFrameworkDesign.ErrorValidation@15f47664]" started-at="2025-01-29T21:47:35 IST" name="teardown" finished-at="2025-01-29T21:47:35 IST" duration-ms="107" status="PASS">
          <reporter-output>
          </reporter-output>
        </test-method> <!-- teardown -->
      </class> <!-- MPTech.SeleniumFrameworkDesign.ErrorValidation -->
    </test> <!-- ErrorValidation -->
  </suite> <!-- Suite -->
</testng-results>
